<?xml version="1.0" encoding="UTF-8"?>
<testng-results ignored="0" total="1" passed="1" failed="0" skipped="0">
  <reporter-output>
  </reporter-output>
  <suite started-at="2020-06-15T07:16:42Z" name="Default suite" finished-at="2020-06-15T07:17:24Z" duration-ms="41664">
    <groups>
    </groups>
    <test started-at="2020-06-15T07:16:42Z" name="Default test" finished-at="2020-06-15T07:17:24Z" duration-ms="41664">
      <class name="com.scripts.TestOrang">
        <test-method is-config="true" signature="openbrowser()[pri:0, instance:com.scripts.TestOrang@14fc5f04]" started-at="2020-06-15T07:16:42Z" name="openbrowser" finished-at="2020-06-15T07:16:54Z" duration-ms="11565" status="PASS">
          <reporter-output>
          </reporter-output>
        </test-method> <!-- openbrowser -->
        <test-method is-config="true" signature="ll()[pri:0, instance:com.scripts.TestOrang@14fc5f04]" started-at="2020-06-15T07:16:54Z" name="ll" finished-at="2020-06-15T07:17:24Z" duration-ms="30029" status="PASS">
          <reporter-output>
          </reporter-output>
        </test-method> <!-- ll -->
        <test-method signature="loginOr()[pri:0, instance:com.scripts.TestOrang@14fc5f04]" started-at="2020-06-15T07:17:24Z" name="loginOr" finished-at="2020-06-15T07:17:24Z" duration-ms="16" status="PASS">
          <reporter-output>
          </reporter-output>
        </test-method> <!-- loginOr -->
        <test-method is-config="true" signature="closebrowser()[pri:0, instance:com.scripts.TestOrang@14fc5f04]" started-at="2020-06-15T07:17:24Z" name="closebrowser" finished-at="2020-06-15T07:17:24Z" duration-ms="0" status="PASS">
          <reporter-output>
          </reporter-output>
        </test-method> <!-- closebrowser -->
      </class> <!-- com.scripts.TestOrang -->
    </test> <!-- Default test -->
  </suite> <!-- Default suite -->
</testng-results>
